2024-01-07 02:21:31.909 INFO: Skipped: A Level Business Notes (Unknown extension)
2024-01-07 02:21:31.910 INFO: Skipped: Adobe (Unknown extension)
2024-01-07 02:21:31.910 INFO: Skipped: Applications (Unknown extension)
2024-01-07 02:21:31.910 INFO: Skipped: Call of Duty (Unknown extension)
2024-01-07 02:21:31.910 INFO: Skipped: Custom Office Templates (Unknown extension)
2024-01-07 02:21:31.910 INFO: Skipped: Databases (Unknown extension)
2024-01-07 02:21:31.910 INFO: Skipped: Default.rdp (Unknown extension)
2024-01-07 02:21:31.910 INFO: Skipped: desktop.ini (Unknown extension)
2024-01-07 02:21:31.910 INFO: Skipped: Documents (Unknown extension)
2024-01-07 02:21:31.911 INFO: Skipped: Frontend Masters (Unknown extension)
2024-01-07 02:21:31.911 INFO: Skipped: GameMakerStudio2 (Unknown extension)
2024-01-07 02:21:31.911 INFO: Skipped: GoXLR (Unknown extension)
2024-01-07 02:21:31.911 INFO: Skipped: Graphics (Unknown extension)
2024-01-07 02:21:31.911 INFO: Skipped: IISExpress (Unknown extension)
2024-01-07 02:21:31.911 INFO: Skipped: Images (Unknown extension)
2024-01-07 02:21:31.911 INFO: Skipped: KrunkerResourceSwapper (Unknown extension)
2024-01-07 02:21:31.911 INFO: Skipped: Medal (Unknown extension)
2024-01-07 02:21:31.911 INFO: Skipped: My Games (Unknown extension)
2024-01-07 02:21:31.911 INFO: Skipped: My Music (Unknown extension)
2024-01-07 02:21:31.911 INFO: Skipped: My Pictures (Unknown extension)
2024-01-07 02:21:31.911 INFO: Skipped: My Videos (Unknown extension)
2024-01-07 02:21:31.911 INFO: Skipped: My Web Sites (Unknown extension)
2024-01-07 02:21:31.911 INFO: Skipped: North (Unknown extension)
2024-01-07 02:21:31.911 INFO: Skipped: Obsidian Vault (Unknown extension)
2024-01-07 02:21:31.911 INFO: Skipped: Reddit Videos (Unknown extension)
2024-01-07 02:21:31.911 INFO: Skipped: Rockstar Games (Unknown extension)
2024-01-07 02:21:31.911 INFO: Skipped: Videos (Unknown extension)
2024-01-07 02:21:31.911 INFO: Skipped: Visual Studio 2022 (Unknown extension)
2024-01-07 02:21:31.912 INFO: Summary: Files Moved: 0, Files Skipped: 28, Errors: 0
2024-01-07 02:30:22.211 INFO: Skipped: Camera Roll (Unknown extension)
2024-01-07 02:30:22.211 INFO: Skipped: desktop.ini (Unknown extension)
2024-01-07 02:30:22.211 INFO: Skipped: Saved Pictures (Unknown extension)
2024-01-07 02:30:22.211 INFO: Skipped: UbisoftConnect (Unknown extension)
2024-01-07 02:30:22.211 INFO: Summary: Files Moved: 0, Files Skipped: 4, Errors: 0
2024-01-07 02:43:32.921 INFO: Skipped: A Level Business Notes (Unknown extension)
2024-01-07 02:43:32.921 INFO: Skipped: Adobe (Unknown extension)
2024-01-07 02:43:32.921 INFO: Skipped: Applications (Unknown extension)
2024-01-07 02:43:32.921 INFO: Skipped: Call of Duty (Unknown extension)
2024-01-07 02:43:32.921 INFO: Skipped: Custom Office Templates (Unknown extension)
2024-01-07 02:43:32.921 INFO: Skipped: Databases (Unknown extension)
2024-01-07 02:43:32.921 INFO: Skipped: Default.rdp (Unknown extension)
2024-01-07 02:43:32.921 INFO: Skipped: desktop.ini (Unknown extension)
2024-01-07 02:43:32.921 INFO: Skipped: Documents (Unknown extension)
2024-01-07 02:43:32.921 INFO: Skipped: Frontend Masters (Unknown extension)
2024-01-07 02:43:32.921 INFO: Skipped: GameMakerStudio2 (Unknown extension)
2024-01-07 02:43:32.922 INFO: Skipped: GoXLR (Unknown extension)
2024-01-07 02:43:32.922 INFO: Skipped: Graphics (Unknown extension)
2024-01-07 02:43:32.922 INFO: Skipped: IISExpress (Unknown extension)
2024-01-07 02:43:32.922 INFO: Skipped: Images (Unknown extension)
2024-01-07 02:43:32.922 INFO: Skipped: KrunkerResourceSwapper (Unknown extension)
2024-01-07 02:43:32.922 INFO: Skipped: Medal (Unknown extension)
2024-01-07 02:43:32.922 INFO: Skipped: My Games (Unknown extension)
2024-01-07 02:43:32.922 INFO: Skipped: My Music (Unknown extension)
2024-01-07 02:43:32.922 INFO: Skipped: My Pictures (Unknown extension)
2024-01-07 02:43:32.922 INFO: Skipped: My Videos (Unknown extension)
2024-01-07 02:43:32.922 INFO: Skipped: My Web Sites (Unknown extension)
2024-01-07 02:43:32.922 INFO: Skipped: North (Unknown extension)
2024-01-07 02:43:32.922 INFO: Skipped: Obsidian Vault (Unknown extension)
2024-01-07 02:43:32.922 INFO: Skipped: Reddit Videos (Unknown extension)
2024-01-07 02:43:32.922 INFO: Skipped: Rockstar Games (Unknown extension)
2024-01-07 02:43:32.922 INFO: Skipped: Videos (Unknown extension)
2024-01-07 02:43:32.922 INFO: Skipped: Visual Studio 2022 (Unknown extension)
2024-01-07 02:43:32.922 INFO: Summary: Files Moved: 0, Files Skipped: 28, Errors: 0
2024-01-07 02:45:30.183 INFO: Skipped: Camera Roll (Unknown extension)
2024-01-07 02:45:30.183 INFO: Skipped: desktop.ini (Unknown extension)
2024-01-07 02:45:30.183 INFO: Skipped: Saved Pictures (Unknown extension)
2024-01-07 02:45:30.183 INFO: Skipped: UbisoftConnect (Unknown extension)
2024-01-07 02:45:30.184 INFO: Summary: Files Moved: 0, Files Skipped: 4, Errors: 0
